<?xml version="1.0" encoding="UTF-8"?>
<robot generator="Robot 7.2.2 (Python 3.8.9 on darwin)" generated="2025-02-26T21:03:54.044228" rpa="false" schemaversion="5">
<suite id="s1" name="LoginTestcases" source="/Users/ags/githubproject/robot_framework/robot_framework_spotify/testcases/LoginTestcases.robot">
<test id="s1-t1" name="As a user, I want to search and play with search credential" line="10">
<kw name="Open Browser" owner="SeleniumLibrary">
<msg time="2025-02-26T21:03:54.446742" level="INFO">Opening browser 'chrome' to base url 'https://open.spotify.com/?flow_ctx=663422ff-d9a0-4b1b-9885-c03f316ecd9d%3A1740584136'.</msg>
<arg>${homeUrl}</arg>
<arg>chrome</arg>
<doc>Opens a new browser instance to the optional ``url``.</doc>
<status status="PASS" start="2025-02-26T21:03:54.446139" elapsed="5.077561"/>
</kw>
<kw name="When user search to future skill platform with ${search_input} and ${username} and ${password}" owner="HomePageKeywords" source_name="user search to future skill platform with ${search_input} and ${username} and ${password}">
<kw name="Wait until element is ready then click element" owner="CommonKeywords">
<kw name="Wait Until Keyword Succeeds" owner="BuiltIn">
<kw name="Click Element" owner="SeleniumLibrary">
<msg time="2025-02-26T21:03:59.540397" level="INFO">Clicking element 'xpath=//*[@id="global-nav-bar"]/div[2]/div/div/span/div/form/div[2]/input'.</msg>
<arg>${locator}</arg>
<doc>Click the element identified by ``locator``.</doc>
<status status="PASS" start="2025-02-26T21:03:59.538810" elapsed="1.166627"/>
</kw>
<arg>20x</arg>
<arg>2s</arg>
<arg>Click Element</arg>
<arg>${locator}</arg>
<doc>Runs the specified keyword and retries if it fails.</doc>
<status status="PASS" start="2025-02-26T21:03:59.535665" elapsed="1.170577"/>
</kw>
<arg>xpath=//*[@id="global-nav-bar"]/div[2]/div/div/span/div/form/div[2]/input</arg>
<status status="PASS" start="2025-02-26T21:03:59.533514" elapsed="1.173465"/>
</kw>
<kw name="Wait until element is ready then click element" owner="CommonKeywords">
<kw name="Wait Until Keyword Succeeds" owner="BuiltIn">
<kw name="Click Element" owner="SeleniumLibrary">
<msg time="2025-02-26T21:04:00.712992" level="INFO">Clicking element 'xpath=//*[@id="global-nav-bar"]/div[2]/div/div/span/div/form/div[2]/input'.</msg>
<arg>${locator}</arg>
<doc>Click the element identified by ``locator``.</doc>
<status status="PASS" start="2025-02-26T21:04:00.710337" elapsed="0.094981"/>
</kw>
<arg>20x</arg>
<arg>2s</arg>
<arg>Click Element</arg>
<arg>${locator}</arg>
<doc>Runs the specified keyword and retries if it fails.</doc>
<status status="PASS" start="2025-02-26T21:04:00.708829" elapsed="0.096674"/>
</kw>
<arg>xpath=//*[@id="global-nav-bar"]/div[2]/div/div/span/div/form/div[2]/input</arg>
<status status="PASS" start="2025-02-26T21:04:00.707776" elapsed="0.097876"/>
</kw>
<kw name="Wait until element is ready then input text" owner="CommonKeywords">
<kw name="Wait Until Keyword Succeeds" owner="BuiltIn">
<kw name="Input Text" owner="SeleniumLibrary">
<msg time="2025-02-26T21:04:00.808260" level="INFO">Typing text 'luther' into text field 'xpath=//*[@id="global-nav-bar"]/div[2]/div/div/span/div/form/div[2]/input'.</msg>
<arg>${locator}</arg>
<arg>${text}</arg>
<doc>Types the given ``text`` into the text field identified by ``locator``.</doc>
<status status="PASS" start="2025-02-26T21:04:00.807741" elapsed="0.265387"/>
</kw>
<arg>20x</arg>
<arg>2s</arg>
<arg>Input Text</arg>
<arg>${locator}</arg>
<arg>${text}</arg>
<doc>Runs the specified keyword and retries if it fails.</doc>
<status status="PASS" start="2025-02-26T21:04:00.807042" elapsed="0.266392"/>
</kw>
<arg>xpath=//*[@id="global-nav-bar"]/div[2]/div/div/span/div/form/div[2]/input</arg>
<arg>${search_input}</arg>
<status status="PASS" start="2025-02-26T21:04:00.806130" elapsed="0.267776"/>
</kw>
<kw name="Wait until element is ready then click element" owner="CommonKeywords">
<kw name="Wait Until Keyword Succeeds" owner="BuiltIn">
<kw name="Click Element" owner="SeleniumLibrary">
<msg time="2025-02-26T21:04:01.076947" level="INFO">Clicking element 'xpath=//div[contains(@class, 'e-9640-text encore-text-title-medium') and contains(text(), 'luther (with sza)')]'.</msg>
<msg time="2025-02-26T21:04:01.778647" level="INFO" html="true">&lt;/td&gt;&lt;/tr&gt;&lt;tr&gt;&lt;td colspan="3"&gt;&lt;a href="selenium-screenshot-11.png"&gt;&lt;img src="selenium-screenshot-11.png" width="800px"&gt;&lt;/a&gt;</msg>
<msg time="2025-02-26T21:04:01.778978" level="FAIL">Element with locator 'xpath=//div[contains(@class, 'e-9640-text encore-text-title-medium') and contains(text(), 'luther (with sza)')]' not found.</msg>
<arg>${locator}</arg>
<doc>Click the element identified by ``locator``.</doc>
<status status="FAIL" start="2025-02-26T21:04:01.076274" elapsed="0.710852">Element with locator 'xpath=//div[contains(@class, 'e-9640-text encore-text-title-medium') and contains(text(), 'luther (with sza)')]' not found.</status>
</kw>
<kw name="Click Element" owner="SeleniumLibrary">
<msg time="2025-02-26T21:04:03.789472" level="INFO">Clicking element 'xpath=//div[contains(@class, 'e-9640-text encore-text-title-medium') and contains(text(), 'luther (with sza)')]'.</msg>
<arg>${locator}</arg>
<doc>Click the element identified by ``locator``.</doc>
<status status="PASS" start="2025-02-26T21:04:03.788795" elapsed="0.255834"/>
</kw>
<arg>20x</arg>
<arg>2s</arg>
<arg>Click Element</arg>
<arg>${locator}</arg>
<doc>Runs the specified keyword and retries if it fails.</doc>
<status status="PASS" start="2025-02-26T21:04:01.075556" elapsed="2.969278"/>
</kw>
<arg>xpath=//div[contains(@class, 'e-9640-text encore-text-title-medium') and contains(text(), 'luther (with sza)')]</arg>
<status status="PASS" start="2025-02-26T21:04:01.074579" elapsed="2.970415"/>
</kw>
<kw name="Wait until element is ready then click element" owner="CommonKeywords">
<kw name="Wait Until Keyword Succeeds" owner="BuiltIn">
<kw name="Click Element" owner="SeleniumLibrary">
<msg time="2025-02-26T21:04:04.047903" level="INFO">Clicking element 'xpath=//*[@id="main"]/div/div[2]/div[5]/div/div[2]/div[2]/div/main/section/div[3]/div[2]/div/div/div/button/span'.</msg>
<msg time="2025-02-26T21:04:04.334691" level="INFO" html="true">&lt;/td&gt;&lt;/tr&gt;&lt;tr&gt;&lt;td colspan="3"&gt;&lt;a href="selenium-screenshot-12.png"&gt;&lt;img src="selenium-screenshot-12.png" width="800px"&gt;&lt;/a&gt;</msg>
<msg time="2025-02-26T21:04:04.334943" level="FAIL">Element with locator 'xpath=//*[@id="main"]/div/div[2]/div[5]/div/div[2]/div[2]/div/main/section/div[3]/div[2]/div/div/div/button/span' not found.</msg>
<arg>${locator}</arg>
<doc>Click the element identified by ``locator``.</doc>
<status status="FAIL" start="2025-02-26T21:04:04.047297" elapsed="0.287932">Element with locator 'xpath=//*[@id="main"]/div/div[2]/div[5]/div/div[2]/div[2]/div/main/section/div[3]/div[2]/div/div/div/button/span' not found.</status>
</kw>
<kw name="Click Element" owner="SeleniumLibrary">
<msg time="2025-02-26T21:04:06.340507" level="INFO">Clicking element 'xpath=//*[@id="main"]/div/div[2]/div[5]/div/div[2]/div[2]/div/main/section/div[3]/div[2]/div/div/div/button/span'.</msg>
<arg>${locator}</arg>
<doc>Click the element identified by ``locator``.</doc>
<status status="PASS" start="2025-02-26T21:04:06.336545" elapsed="0.342218"/>
</kw>
<arg>20x</arg>
<arg>2s</arg>
<arg>Click Element</arg>
<arg>${locator}</arg>
<doc>Runs the specified keyword and retries if it fails.</doc>
<status status="PASS" start="2025-02-26T21:04:04.046653" elapsed="2.632312"/>
</kw>
<arg>xpath=//*[@id="main"]/div/div[2]/div[5]/div/div[2]/div[2]/div/main/section/div[3]/div[2]/div/div/div/button/span</arg>
<status status="PASS" start="2025-02-26T21:04:04.045391" elapsed="2.633977"/>
</kw>
<kw name="Wait until element is ready then click element" owner="CommonKeywords">
<kw name="Wait Until Keyword Succeeds" owner="BuiltIn">
<kw name="Click Element" owner="SeleniumLibrary">
<msg time="2025-02-26T21:04:06.682867" level="INFO">Clicking element 'xpath=//*[@id="main"]/div/div[3]/div/div[1]/div[2]/p/a'.</msg>
<arg>${locator}</arg>
<doc>Click the element identified by ``locator``.</doc>
<status status="PASS" start="2025-02-26T21:04:06.682034" elapsed="1.220065"/>
</kw>
<arg>20x</arg>
<arg>2s</arg>
<arg>Click Element</arg>
<arg>${locator}</arg>
<doc>Runs the specified keyword and retries if it fails.</doc>
<status status="PASS" start="2025-02-26T21:04:06.681112" elapsed="1.221458"/>
</kw>
<arg>xpath=//*[@id="main"]/div/div[3]/div/div[1]/div[2]/p/a</arg>
<status status="PASS" start="2025-02-26T21:04:06.679817" elapsed="1.222971"/>
</kw>
<kw name="Wait until element is ready then input text" owner="CommonKeywords">
<kw name="Wait Until Keyword Succeeds" owner="BuiltIn">
<kw name="Input Text" owner="SeleniumLibrary">
<msg time="2025-02-26T21:04:07.905917" level="INFO">Typing text 'suwat.suayngam.pkg@gmail.com' into text field 'id=login-username'.</msg>
<arg>${locator}</arg>
<arg>${text}</arg>
<doc>Types the given ``text`` into the text field identified by ``locator``.</doc>
<status status="PASS" start="2025-02-26T21:04:07.905021" elapsed="0.307386"/>
</kw>
<arg>20x</arg>
<arg>2s</arg>
<arg>Input Text</arg>
<arg>${locator}</arg>
<arg>${text}</arg>
<doc>Runs the specified keyword and retries if it fails.</doc>
<status status="PASS" start="2025-02-26T21:04:07.904218" elapsed="0.308471"/>
</kw>
<arg>id=login-username</arg>
<arg>${username}</arg>
<status status="PASS" start="2025-02-26T21:04:07.903425" elapsed="0.309443"/>
</kw>
<kw name="Wait until element is ready then input text" owner="CommonKeywords">
<kw name="Wait Until Keyword Succeeds" owner="BuiltIn">
<kw name="Input Text" owner="SeleniumLibrary">
<msg time="2025-02-26T21:04:08.215947" level="INFO">Typing text '@SuwatSua01' into text field 'id=login-password'.</msg>
<arg>${locator}</arg>
<arg>${text}</arg>
<doc>Types the given ``text`` into the text field identified by ``locator``.</doc>
<status status="PASS" start="2025-02-26T21:04:08.215263" elapsed="0.112875"/>
</kw>
<arg>20x</arg>
<arg>2s</arg>
<arg>Input Text</arg>
<arg>${locator}</arg>
<arg>${text}</arg>
<doc>Runs the specified keyword and retries if it fails.</doc>
<status status="PASS" start="2025-02-26T21:04:08.214749" elapsed="0.114253"/>
</kw>
<arg>id=login-password</arg>
<arg>${password}</arg>
<status status="PASS" start="2025-02-26T21:04:08.213424" elapsed="0.115786"/>
</kw>
<kw name="Wait until element is ready then click element" owner="CommonKeywords">
<kw name="Wait Until Keyword Succeeds" owner="BuiltIn">
<kw name="Click Element" owner="SeleniumLibrary">
<msg time="2025-02-26T21:04:08.330832" level="INFO">Clicking element 'xpath=//*[@id="login-button"]/span[1]'.</msg>
<arg>${locator}</arg>
<doc>Click the element identified by ``locator``.</doc>
<status status="PASS" start="2025-02-26T21:04:08.330498" elapsed="0.162575"/>
</kw>
<arg>20x</arg>
<arg>2s</arg>
<arg>Click Element</arg>
<arg>${locator}</arg>
<doc>Runs the specified keyword and retries if it fails.</doc>
<status status="PASS" start="2025-02-26T21:04:08.330128" elapsed="0.163252"/>
</kw>
<arg>xpath=//*[@id="login-button"]/span[1]</arg>
<status status="PASS" start="2025-02-26T21:04:08.329562" elapsed="0.164154"/>
</kw>
<kw name="Wait until element is ready then click element" owner="CommonKeywords">
<kw name="Wait Until Keyword Succeeds" owner="BuiltIn">
<kw name="Click Element" owner="SeleniumLibrary">
<msg time="2025-02-26T21:04:08.498638" level="INFO">Clicking element 'xpath=//*[@id="main"]/div/div[2]/div[5]/div/div[2]/div[2]/div/main/section/div[3]/div[2]/div/div/div/button/span'.</msg>
<msg time="2025-02-26T21:04:08.780564" level="INFO" html="true">&lt;/td&gt;&lt;/tr&gt;&lt;tr&gt;&lt;td colspan="3"&gt;&lt;a href="selenium-screenshot-13.png"&gt;&lt;img src="selenium-screenshot-13.png" width="800px"&gt;&lt;/a&gt;</msg>
<msg time="2025-02-26T21:04:08.780805" level="FAIL">Element with locator 'xpath=//*[@id="main"]/div/div[2]/div[5]/div/div[2]/div[2]/div/main/section/div[3]/div[2]/div/div/div/button/span' not found.</msg>
<arg>${locator}</arg>
<doc>Click the element identified by ``locator``.</doc>
<status status="FAIL" start="2025-02-26T21:04:08.497923" elapsed="0.283151">Element with locator 'xpath=//*[@id="main"]/div/div[2]/div[5]/div/div[2]/div[2]/div/main/section/div[3]/div[2]/div/div/div/button/span' not found.</status>
</kw>
<kw name="Click Element" owner="SeleniumLibrary">
<msg time="2025-02-26T21:04:10.782537" level="INFO">Clicking element 'xpath=//*[@id="main"]/div/div[2]/div[5]/div/div[2]/div[2]/div/main/section/div[3]/div[2]/div/div/div/button/span'.</msg>
<msg time="2025-02-26T21:04:11.441520" level="INFO" html="true">&lt;/td&gt;&lt;/tr&gt;&lt;tr&gt;&lt;td colspan="3"&gt;&lt;a href="selenium-screenshot-14.png"&gt;&lt;img src="selenium-screenshot-14.png" width="800px"&gt;&lt;/a&gt;</msg>
<msg time="2025-02-26T21:04:11.441762" level="FAIL">Element with locator 'xpath=//*[@id="main"]/div/div[2]/div[5]/div/div[2]/div[2]/div/main/section/div[3]/div[2]/div/div/div/button/span' not found.</msg>
<arg>${locator}</arg>
<doc>Click the element identified by ``locator``.</doc>
<status status="FAIL" start="2025-02-26T21:04:10.781822" elapsed="0.660211">Element with locator 'xpath=//*[@id="main"]/div/div[2]/div[5]/div/div[2]/div[2]/div/main/section/div[3]/div[2]/div/div/div/button/span' not found.</status>
</kw>
<kw name="Click Element" owner="SeleniumLibrary">
<msg time="2025-02-26T21:04:13.447748" level="INFO">Clicking element 'xpath=//*[@id="main"]/div/div[2]/div[5]/div/div[2]/div[2]/div/main/section/div[3]/div[2]/div/div/div/button/span'.</msg>
<arg>${locator}</arg>
<doc>Click the element identified by ``locator``.</doc>
<status status="PASS" start="2025-02-26T21:04:13.446568" elapsed="0.141071"/>
</kw>
<arg>20x</arg>
<arg>2s</arg>
<arg>Click Element</arg>
<arg>${locator}</arg>
<doc>Runs the specified keyword and retries if it fails.</doc>
<status status="PASS" start="2025-02-26T21:04:08.497102" elapsed="5.090867"/>
</kw>
<arg>xpath=//*[@id="main"]/div/div[2]/div[5]/div/div[2]/div[2]/div/main/section/div[3]/div[2]/div/div/div/button/span</arg>
<status status="PASS" start="2025-02-26T21:04:08.495361" elapsed="5.092766"/>
</kw>
<status status="PASS" start="2025-02-26T21:03:59.526882" elapsed="14.061357"/>
</kw>
<kw name="Sleep" owner="BuiltIn">
<msg time="2025-02-26T21:04:41.591508" level="INFO">Slept 28 seconds.</msg>
<arg>28s</arg>
<doc>Pauses the test executed for the given time.</doc>
<status status="PASS" start="2025-02-26T21:04:13.588672" elapsed="28.003625"/>
</kw>
<kw name="Close Browser" owner="SeleniumLibrary">
<doc>Closes the current browser.</doc>
<status status="PASS" start="2025-02-26T21:04:41.593583" elapsed="0.446808"/>
</kw>
<status status="PASS" start="2025-02-26T21:03:54.443734" elapsed="47.597363"/>
</test>
<status status="PASS" start="2025-02-26T21:03:54.046598" elapsed="47.995800"/>
</suite>
<statistics>
<total>
<stat pass="1" fail="0" skip="0">All Tests</stat>
</total>
<tag>
</tag>
<suite>
<stat name="LoginTestcases" id="s1" pass="1" fail="0" skip="0">LoginTestcases</stat>
</suite>
</statistics>
<errors>
</errors>
</robot>
